Added Component: Designator=1(D1)
Added Component: Designator=2(D1)
Added Component: Designator=3(D1)
Added Component: Designator=4(D1)
Added Component: Designator=C1(0603S)
Added Component: Designator=C2(0603S)
Added Component: Designator=C3(0603S)
Added Component: Designator=C4(0603S)
Added Component: Designator=C5(0603S)
Added Component: Designator=C6(0603S)
Added Component: Designator=C7(0603S)
Added Component: Designator=D1(0603LED)
Added Component: Designator=J1(HDR1X4)
Added Component: Designator=P1(Header_3)
Add component (AddParameter): Name = "Comm"; Value = "≤Â’Î3"; VariantName = "[No Variations]"
Added Component: Designator=Q1(SOT-23)
Added Component: Designator=Q2(SOT-23)
Added Component: Designator=Q3(SOT-23)
Added Component: Designator=R1(0603S)
Added Component: Designator=R2(0603S)
Added Component: Designator=R3(0603S)
Added Component: Designator=R4(0603S)
Added Component: Designator=R5(0603S)
Added Component: Designator=R6(0603S)
Added Component: Designator=R7(0603S)
Added Component: Designator=R8(0603S)
Added Component: Designator=R9(0603S)
Added Component: Designator=RST1(SW-SMD_TSA365G00-250)
Added Component: Designator=RST2(SW-SMD_TSA365G00-250)
Added Component: Designator=U1(WIFIM-SMD_ESP-12F-ESP8266MOD)
Add component (AddParameter): Name = "BOM_JLCPCB Part Class"; Value = "Extended Part"; VariantName = "[No Variations]"
Add component (AddParameter): Name = "BOM_Manufacturer"; Value = "Ai-Thinker"; VariantName = "[No Variations]"
Add component (AddParameter): Name = "BOM_Manufacturer Part"; Value = "ESP-12F(ESP8266MOD)"; VariantName = "[No Variations]"
Add component (AddParameter): Name = "BOM_Supplier"; Value = "LCSC"; VariantName = "[No Variations]"
Add component (AddParameter): Name = "BOM_Supplier Part"; Value = "C82891"; VariantName = "[No Variations]"
Add component (AddParameter): Name = "spicePre"; Value = "U"; VariantName = "[No Variations]"
Add component (AddParameter): Name = "spiceSymbolName"; Value = "ESP-12F(ESP8266MOD)"; VariantName = "[No Variations]"
Added Component: Designator=U2(SOT-223)
Add component (AddParameter): Name = "Add into BOM"; Value = "yes"; VariantName = "[No Variations]"
Add component (AddParameter): Name = "Convert to PCB"; Value = "yes"; VariantName = "[No Variations]"
Add component (AddParameter): Name = "Datasheet"; Value = "https://atta.szlcsc.com/upload/public/pdf/source/20211201/578FEEF9766904D398893791CE3EC879.pdf"; VariantName = "[No Variations]"
Add component (AddParameter): Name = "Device"; Value = "AMS1117-3.3"; VariantName = "[No Variations]"
Add component (AddParameter): Name = "JLCPCB Part Class"; Value = "Extended Part"; VariantName = "[No Variations]"
Add component (AddParameter): Name = "LCSC Part Name"; Value = "AMS1117-3.3"; VariantName = "[No Variations]"
Add component (AddParameter): Name = "Manufacturer"; Value = "JSMSEMI(Ω‹ ¢Œ¢)"; VariantName = "[No Variations]"
Add component (AddParameter): Name = "Manufacturer Part"; Value = "AMS1117-3.3"; VariantName = "[No Variations]"
Add component (AddParameter): Name = "Name"; Value = "AMS1117-3.3"; VariantName = "[No Variations]"
Add component (AddParameter): Name = "Output Type"; Value = "-"; VariantName = "[No Variations]"
Add component (AddParameter): Name = "Supplier"; Value = "LCSC"; VariantName = "[No Variations]"
Add component (AddParameter): Name = "Supplier Footprint"; Value = "SOT-223"; VariantName = "[No Variations]"
Add component (AddParameter): Name = "Supplier Part"; Value = "C917183"; VariantName = "[No Variations]"
Add component (AddParameter): Name = "Symbol"; Value = "AMS1117-3.3_C917183"; VariantName = "[No Variations]"
Added Component: Designator=U3(SOP16)
Added Component: Designator=USB1(USB-C-SMD_KH-TYPE-C-16P)
Add component (AddParameter): Name = "BOM_JLCPCB Part Class"; Value = "Extended Part"; VariantName = "[No Variations]"
Add component (AddParameter): Name = "BOM_Manufacturer"; Value = "Shenzhen Kinghelm Elec"; VariantName = "[No Variations]"
Add component (AddParameter): Name = "BOM_Manufacturer Part"; Value = "KH-TYPE-C-16P"; VariantName = "[No Variations]"
Add component (AddParameter): Name = "BOM_Supplier"; Value = "LCSC"; VariantName = "[No Variations]"
Add component (AddParameter): Name = "BOM_Supplier Part"; Value = "C709357"; VariantName = "[No Variations]"
Add component (AddParameter): Name = "Contributor"; Value = "LCSC"; VariantName = "[No Variations]"
Add component (AddParameter): Name = "spicePre"; Value = "U"; VariantName = "[No Variations]"
Add component (AddParameter): Name = "spiceSymbolName"; Value = "KH-TYPE-C-16P"; VariantName = "[No Variations]"
Added Pin To Net: NetName=3V3 Pin=1-1
Added Pin To Net: NetName=3V3 Pin=2-1
Added Pin To Net: NetName=3V3 Pin=3-1
Added Pin To Net: NetName=3V3 Pin=4-1
Added Pin To Net: NetName=3V3 Pin=C1-1
Added Pin To Net: NetName=3V3 Pin=C2-1
Added Pin To Net: NetName=3V3 Pin=C5-1
Added Pin To Net: NetName=3V3 Pin=C6-1
Added Pin To Net: NetName=3V3 Pin=C7-2
Added Pin To Net: NetName=3V3 Pin=J1-2
Added Pin To Net: NetName=3V3 Pin=R1-1
Added Pin To Net: NetName=3V3 Pin=R3-1
Added Pin To Net: NetName=3V3 Pin=R4-1
Added Pin To Net: NetName=3V3 Pin=R5-1
Added Pin To Net: NetName=3V3 Pin=R7-1
Added Pin To Net: NetName=3V3 Pin=U1-8
Added Pin To Net: NetName=3V3 Pin=U2-2
Added Pin To Net: NetName=3V3 Pin=U2-2
Added Pin To Net: NetName=3V3 Pin=U3-4
Added Pin To Net: NetName=3V3 Pin=U3-16
Added Net: Name=3V3
Added Pin To Net: NetName=5V Pin=C3-2
Added Pin To Net: NetName=5V Pin=C4-2
Added Pin To Net: NetName=5V Pin=P1-2
Added Pin To Net: NetName=5V Pin=U2-3
Added Pin To Net: NetName=5V Pin=USB1-A4
Added Pin To Net: NetName=5V Pin=USB1-A9
Added Pin To Net: NetName=5V Pin=USB1-B4
Added Pin To Net: NetName=5V Pin=USB1-B9
Added Net: Name=5V
Added Pin To Net: NetName=DN Pin=U3-6
Added Pin To Net: NetName=DN Pin=USB1-A7
Added Pin To Net: NetName=DN Pin=USB1-B7
Added Net: Name=DN
Added Pin To Net: NetName=DP Pin=U3-5
Added Pin To Net: NetName=DP Pin=USB1-A6
Added Pin To Net: NetName=DP Pin=USB1-B6
Added Net: Name=DP
Added Pin To Net: NetName=DTR Pin=Q3-1
Added Pin To Net: NetName=DTR Pin=R8-2
Added Pin To Net: NetName=DTR Pin=U3-13
Added Net: Name=DTR
Added Pin To Net: NetName=EN Pin=R4-2
Added Pin To Net: NetName=EN Pin=U1-3
Added Net: Name=EN
Added Pin To Net: NetName=GND Pin=C1-2
Added Pin To Net: NetName=GND Pin=C2-2
Added Pin To Net: NetName=GND Pin=C3-1
Added Pin To Net: NetName=GND Pin=C4-1
Added Pin To Net: NetName=GND Pin=C7-1
Added Pin To Net: NetName=GND Pin=J1-1
Added Pin To Net: NetName=GND Pin=P1-1
Added Pin To Net: NetName=GND Pin=Q1-1
Added Pin To Net: NetName=GND Pin=R2-1
Added Pin To Net: NetName=GND Pin=R6-1
Added Pin To Net: NetName=GND Pin=RST1-1
Added Pin To Net: NetName=GND Pin=RST2-2
Added Pin To Net: NetName=GND Pin=U1-9
Added Pin To Net: NetName=GND Pin=U2-1
Added Pin To Net: NetName=GND Pin=U3-1
Added Pin To Net: NetName=GND Pin=USB1-1
Added Pin To Net: NetName=GND Pin=USB1-2
Added Pin To Net: NetName=GND Pin=USB1-3
Added Pin To Net: NetName=GND Pin=USB1-4
Added Pin To Net: NetName=GND Pin=USB1-A1
Added Pin To Net: NetName=GND Pin=USB1-A12
Added Pin To Net: NetName=GND Pin=USB1-B1
Added Pin To Net: NetName=GND Pin=USB1-B12
Added Net: Name=GND
Added Pin To Net: NetName=GPIO0 Pin=Q3-3
Added Pin To Net: NetName=GPIO0 Pin=R5-2
Added Pin To Net: NetName=GPIO0 Pin=RST2-1
Added Pin To Net: NetName=GPIO0 Pin=U1-12
Added Net: Name=GPIO0
Added Pin To Net: NetName=GPIO2 Pin=R3-2
Added Pin To Net: NetName=GPIO2 Pin=U1-11
Added Net: Name=GPIO2
Added Pin To Net: NetName=GPIO15 Pin=R6-2
Added Pin To Net: NetName=GPIO15 Pin=U1-10
Added Net: Name=GPIO15
Added Pin To Net: NetName=IR Pin=Q1-2
Added Pin To Net: NetName=IR Pin=U1-6
Added Net: Name=IR
Added Pin To Net: NetName=Light Pin=3-2
Added Pin To Net: NetName=Light Pin=R2-2
Added Pin To Net: NetName=Light Pin=U1-2
Added Net: Name=Light
Added Pin To Net: NetName=Net1_2 Pin=1-2
Added Pin To Net: NetName=Net1_2 Pin=2-2
Added Pin To Net: NetName=Net1_2 Pin=4-2
Added Pin To Net: NetName=Net1_2 Pin=Q1-3
Added Net: Name=Net1_2
Added Pin To Net: NetName=NetC5_2 Pin=C5-2
Added Pin To Net: NetName=NetC5_2 Pin=C6-2
Added Net: Name=NetC5_2
Added Pin To Net: NetName=NetD1_A Pin=R7-2
Added Net: Name=NetD1_A
Added Pin To Net: NetName=NetQ2_2 Pin=Q2-2
Added Pin To Net: NetName=NetQ2_2 Pin=R8-1
Added Net: Name=NetQ2_2
Added Pin To Net: NetName=NetQ3_2 Pin=Q3-2
Added Pin To Net: NetName=NetQ3_2 Pin=R9-1
Added Net: Name=NetQ3_2
Added Pin To Net: NetName=RST Pin=Q2-3
Added Pin To Net: NetName=RST Pin=R1-2
Added Pin To Net: NetName=RST Pin=RST1-2
Added Pin To Net: NetName=RST Pin=U1-1
Added Net: Name=RST
Added Pin To Net: NetName=RTS Pin=Q2-1
Added Pin To Net: NetName=RTS Pin=R9-2
Added Pin To Net: NetName=RTS Pin=U3-14
Added Net: Name=RTS
Added Pin To Net: NetName=RX Pin=U1-15
Added Pin To Net: NetName=RX Pin=U3-2
Added Net: Name=RX
Added Pin To Net: NetName=SCL Pin=J1-3
Added Pin To Net: NetName=SCL Pin=U1-14
Added Net: Name=SCL
Added Pin To Net: NetName=SDA Pin=J1-4
Added Pin To Net: NetName=SDA Pin=U1-13
Added Net: Name=SDA
Added Pin To Net: NetName=Servo Pin=P1-3
Added Pin To Net: NetName=Servo Pin=U1-5
Added Net: Name=Servo
Added Pin To Net: NetName=TX Pin=U1-16
Added Pin To Net: NetName=TX Pin=U3-3
Added Net: Name=TX
Added Class: Name=Sheet2
